Running BrowserMob Proxy using LittleProxy implementation. To revert to the legacy implementation, run the proxy with the command-line option '--use-littleproxy false'.
WARNING: An illegal reflective access operation has occurred
WARNING: Illegal reflective access by com.google.inject.internal.cglib.core.$ReflectUtils$2 (file:/usr/local/browsermob-proxy-2.1.4/lib/browsermob-dist-2.1.4.jar) to method java.lang.ClassLoader.defineClass(java.lang.String,byte[],int,int,java.security.ProtectionDomain)
WARNING: Please consider reporting this to the maintainers of com.google.inject.internal.cglib.core.$ReflectUtils$2
WARNING: Use --illegal-access=warn to enable warnings of further illegal reflective access operations
WARNING: All illegal access operations will be denied in a future release
[INFO  2019-12-04T20:55:58,830 net.lightbody.bmp.proxy.Main] (main) Starting BrowserMob Proxy version 2.1.4 
[INFO  2019-12-04T20:55:58,864 org.eclipse.jetty.util.log] (main) jetty-7.x.y-SNAPSHOT 
[INFO  2019-12-04T20:55:58,898 org.eclipse.jetty.util.log] (main) started o.e.j.s.ServletContextHandler{/,null} 
[INFO  2019-12-04T20:55:59,006 org.eclipse.jetty.util.log] (main) Started SelectChannelConnector@0.0.0.0:8090 
[INFO  2019-12-04T20:56:00,611 org.littleshoot.proxy.impl.DefaultHttpProxyServer] (qtp1870749311-18) Starting proxy at address: 0.0.0.0/0.0.0.0:8091 
[INFO  2019-12-04T20:56:00,626 org.littleshoot.proxy.impl.DefaultHttpProxyServer] (qtp1870749311-18) Proxy listening with TCP transport 
[INFO  2019-12-04T20:56:00,687 org.littleshoot.proxy.impl.DefaultHttpProxyServer] (qtp1870749311-18) Proxy started at address: /0:0:0:0:0:0:0:0:8091 
[WARN  2019-12-04T20:56:05,629 io.netty.util.ReferenceCountUtil] (LittleProxy-0-ClientToProxyWorker-4) Failed to release a message: PooledSlicedByteBuf(freed) io.netty.util.IllegalReferenceCountException: refCnt: 0, decrement: 1
	at io.netty.buffer.AbstractReferenceCountedByteBuf.release0(AbstractReferenceCountedByteBuf.java:110) ~[browsermob-dist-2.1.4.jar:?]
	at io.netty.buffer.AbstractReferenceCountedByteBuf.release(AbstractReferenceCountedByteBuf.java:98) ~[browsermob-dist-2.1.4.jar:?]
	at io.netty.buffer.AbstractPooledDerivedByteBuf.deallocate(AbstractPooledDerivedByteBuf.java:73) ~[browsermob-dist-2.1.4.jar:?]
	at io.netty.buffer.AbstractReferenceCountedByteBuf.release0(AbstractReferenceCountedByteBuf.java:115) ~[browsermob-dist-2.1.4.jar:?]
	at io.netty.buffer.AbstractReferenceCountedByteBuf.release(AbstractReferenceCountedByteBuf.java:98) ~[browsermob-dist-2.1.4.jar:?]
	at io.netty.util.ReferenceCountUtil.release(ReferenceCountUtil.java:84) ~[browsermob-dist-2.1.4.jar:?]
	at io.netty.util.ReferenceCountUtil.safeRelease(ReferenceCountUtil.java:109) [browsermob-dist-2.1.4.jar:?]
	at io.netty.channel.PendingWriteQueue.removeAndFailAll(PendingWriteQueue.java:171) [browsermob-dist-2.1.4.jar:?]
	at io.netty.handler.ssl.SslHandler.flush(SslHandler.java:493) [browsermob-dist-2.1.4.jar:?]
	at io.netty.channel.AbstractChannelHandlerContext.invokeFlush0(AbstractChannelHandlerContext.java:787) [browsermob-dist-2.1.4.jar:?]
	at io.netty.channel.AbstractChannelHandlerContext.invokeFlush(AbstractChannelHandlerContext.java:779) [browsermob-dist-2.1.4.jar:?]
	at io.netty.channel.AbstractChannelHandlerContext.flush(AbstractChannelHandlerContext.java:760) [browsermob-dist-2.1.4.jar:?]
	at io.netty.channel.ChannelOutboundHandlerAdapter.flush(ChannelOutboundHandlerAdapter.java:115) [browsermob-dist-2.1.4.jar:?]
	at io.netty.channel.AbstractChannelHandlerContext.invokeFlush0(AbstractChannelHandlerContext.java:787) [browsermob-dist-2.1.4.jar:?]
	at io.netty.channel.AbstractChannelHandlerContext.invokeFlush(AbstractChannelHandlerContext.java:779) [browsermob-dist-2.1.4.jar:?]
	at io.netty.channel.AbstractChannelHandlerContext.flush(AbstractChannelHandlerContext.java:760) [browsermob-dist-2.1.4.jar:?]
	at io.netty.channel.ChannelOutboundHandlerAdapter.flush(ChannelOutboundHandlerAdapter.java:115) [browsermob-dist-2.1.4.jar:?]
	at io.netty.channel.AbstractChannelHandlerContext.invokeFlush0(AbstractChannelHandlerContext.java:787) [browsermob-dist-2.1.4.jar:?]
	at io.netty.channel.AbstractChannelHandlerContext.invokeFlush(AbstractChannelHandlerContext.java:779) [browsermob-dist-2.1.4.jar:?]
	at io.netty.channel.AbstractChannelHandlerContext.flush(AbstractChannelHandlerContext.java:760) [browsermob-dist-2.1.4.jar:?]
	at io.netty.channel.ChannelOutboundHandlerAdapter.flush(ChannelOutboundHandlerAdapter.java:115) [browsermob-dist-2.1.4.jar:?]
	at io.netty.channel.AbstractChannelHandlerContext.invokeFlush0(AbstractChannelHandlerContext.java:787) [browsermob-dist-2.1.4.jar:?]
	at io.netty.channel.AbstractChannelHandlerContext.invokeFlush(AbstractChannelHandlerContext.java:779) [browsermob-dist-2.1.4.jar:?]
	at io.netty.channel.AbstractChannelHandlerContext.flush(AbstractChannelHandlerContext.java:760) [browsermob-dist-2.1.4.jar:?]
	at io.netty.channel.ChannelDuplexHandler.flush(ChannelDuplexHandler.java:117) [browsermob-dist-2.1.4.jar:?]
	at io.netty.channel.AbstractChannelHandlerContext.invokeFlush0(AbstractChannelHandlerContext.java:787) [browsermob-dist-2.1.4.jar:?]
	at io.netty.channel.AbstractChannelHandlerContext.invokeFlush(AbstractChannelHandlerContext.java:779) [browsermob-dist-2.1.4.jar:?]
	at io.netty.channel.AbstractChannelHandlerContext.access$1500(AbstractChannelHandlerContext.java:39) [browsermob-dist-2.1.4.jar:?]
	at io.netty.channel.AbstractChannelHandlerContext$WriteAndFlushTask.write(AbstractChannelHandlerContext.java:1148) [browsermob-dist-2.1.4.jar:?]
	at io.netty.channel.AbstractChannelHandlerContext$AbstractWriteTask.run(AbstractChannelHandlerContext.java:1089) [browsermob-dist-2.1.4.jar:?]
	at io.netty.util.concurrent.AbstractEventExecutor.safeExecute(AbstractEventExecutor.java:163) [browsermob-dist-2.1.4.jar:?]
	at io.netty.util.concurrent.SingleThreadEventExecutor.runAllTasks(SingleThreadEventExecutor.java:418) [browsermob-dist-2.1.4.jar:?]
	at io.netty.channel.nio.NioEventLoop.run(NioEventLoop.java:454) [browsermob-dist-2.1.4.jar:?]
	at io.netty.util.concurrent.SingleThreadEventExecutor$5.run(SingleThreadEventExecutor.java:873) [browsermob-dist-2.1.4.jar:?]
	at java.lang.Thread.run(Thread.java:844) [?:?]

[ERROR 2019-12-04T20:56:05,645 org.littleshoot.proxy.impl.ClientToProxyConnection] (LittleProxy-0-ClientToProxyWorker-4) (AWAITING_INITIAL) [id: 0x08d71ccc, L:/0:0:0:0:0:0:0:1:8091 - R:/0:0:0:0:0:0:0:1:50725]: Caught an exception on ClientToProxyConnection io.netty.util.IllegalReferenceCountException: refCnt: 0
	at io.netty.buffer.AbstractByteBuf.ensureAccessible(AbstractByteBuf.java:1407) ~[browsermob-dist-2.1.4.jar:?]
	at io.netty.buffer.AbstractByteBuf.checkIndex(AbstractByteBuf.java:1353) ~[browsermob-dist-2.1.4.jar:?]
	at io.netty.buffer.PooledUnsafeDirectByteBuf.nioBuffer(PooledUnsafeDirectByteBuf.java:324) ~[browsermob-dist-2.1.4.jar:?]
	at io.netty.buffer.PooledSlicedByteBuf.nioBuffer(PooledSlicedByteBuf.java:87) ~[browsermob-dist-2.1.4.jar:?]
	at io.netty.buffer.AbstractPooledDerivedByteBuf.internalNioBuffer(AbstractPooledDerivedByteBuf.java:119) ~[browsermob-dist-2.1.4.jar:?]
	at io.netty.handler.ssl.SslHandler.wrap(SslHandler.java:683) ~[browsermob-dist-2.1.4.jar:?]
	at io.netty.handler.ssl.SslHandler.wrap(SslHandler.java:522) ~[browsermob-dist-2.1.4.jar:?]
	at io.netty.handler.ssl.SslHandler.flush(SslHandler.java:490) ~[browsermob-dist-2.1.4.jar:?]
	at io.netty.channel.AbstractChannelHandlerContext.invokeFlush0(AbstractChannelHandlerContext.java:787) [browsermob-dist-2.1.4.jar:?]
	at io.netty.channel.AbstractChannelHandlerContext.invokeFlush(AbstractChannelHandlerContext.java:779) [browsermob-dist-2.1.4.jar:?]
	at io.netty.channel.AbstractChannelHandlerContext.flush(AbstractChannelHandlerContext.java:760) [browsermob-dist-2.1.4.jar:?]
	at io.netty.channel.ChannelOutboundHandlerAdapter.flush(ChannelOutboundHandlerAdapter.java:115) [browsermob-dist-2.1.4.jar:?]
	at io.netty.channel.AbstractChannelHandlerContext.invokeFlush0(AbstractChannelHandlerContext.java:787) [browsermob-dist-2.1.4.jar:?]
	at io.netty.channel.AbstractChannelHandlerContext.invokeFlush(AbstractChannelHandlerContext.java:779) [browsermob-dist-2.1.4.jar:?]
	at io.netty.channel.AbstractChannelHandlerContext.flush(AbstractChannelHandlerContext.java:760) [browsermob-dist-2.1.4.jar:?]
	at io.netty.channel.ChannelOutboundHandlerAdapter.flush(ChannelOutboundHandlerAdapter.java:115) [browsermob-dist-2.1.4.jar:?]
	at io.netty.channel.AbstractChannelHandlerContext.invokeFlush0(AbstractChannelHandlerContext.java:787) [browsermob-dist-2.1.4.jar:?]
	at io.netty.channel.AbstractChannelHandlerContext.invokeFlush(AbstractChannelHandlerContext.java:779) [browsermob-dist-2.1.4.jar:?]
	at io.netty.channel.AbstractChannelHandlerContext.flush(AbstractChannelHandlerContext.java:760) [browsermob-dist-2.1.4.jar:?]
	at io.netty.channel.ChannelOutboundHandlerAdapter.flush(ChannelOutboundHandlerAdapter.java:115) [browsermob-dist-2.1.4.jar:?]
	at io.netty.channel.AbstractChannelHandlerContext.invokeFlush0(AbstractChannelHandlerContext.java:787) [browsermob-dist-2.1.4.jar:?]
	at io.netty.channel.AbstractChannelHandlerContext.invokeFlush(AbstractChannelHandlerContext.java:779) [browsermob-dist-2.1.4.jar:?]
	at io.netty.channel.AbstractChannelHandlerContext.flush(AbstractChannelHandlerContext.java:760) [browsermob-dist-2.1.4.jar:?]
	at io.netty.channel.ChannelDuplexHandler.flush(ChannelDuplexHandler.java:117) [browsermob-dist-2.1.4.jar:?]
	at io.netty.channel.AbstractChannelHandlerContext.invokeFlush0(AbstractChannelHandlerContext.java:787) [browsermob-dist-2.1.4.jar:?]
	at io.netty.channel.AbstractChannelHandlerContext.invokeFlush(AbstractChannelHandlerContext.java:779) [browsermob-dist-2.1.4.jar:?]
	at io.netty.channel.AbstractChannelHandlerContext.access$1500(AbstractChannelHandlerContext.java:39) [browsermob-dist-2.1.4.jar:?]
	at io.netty.channel.AbstractChannelHandlerContext$WriteAndFlushTask.write(AbstractChannelHandlerContext.java:1148) [browsermob-dist-2.1.4.jar:?]
	at io.netty.channel.AbstractChannelHandlerContext$AbstractWriteTask.run(AbstractChannelHandlerContext.java:1089) [browsermob-dist-2.1.4.jar:?]
	at io.netty.util.concurrent.AbstractEventExecutor.safeExecute(AbstractEventExecutor.java:163) [browsermob-dist-2.1.4.jar:?]
	at io.netty.util.concurrent.SingleThreadEventExecutor.runAllTasks(SingleThreadEventExecutor.java:418) [browsermob-dist-2.1.4.jar:?]
	at io.netty.channel.nio.NioEventLoop.run(NioEventLoop.java:454) [browsermob-dist-2.1.4.jar:?]
	at io.netty.util.concurrent.SingleThreadEventExecutor$5.run(SingleThreadEventExecutor.java:873) [browsermob-dist-2.1.4.jar:?]
	at java.lang.Thread.run(Thread.java:844) [?:?]

[ERROR 2019-12-04T20:56:05,645 org.littleshoot.proxy.impl.ProxyToServerConnection] (LittleProxy-0-ProxyToServerWorker-6) (AWAITING_INITIAL) [id: 0xfb3ec7dc, L:/192.168.1.136:50731 - R:www.united.com/23.6.201.118:443]: Caught an exception on ProxyToServerConnection io.netty.handler.codec.DecoderException: java.lang.IllegalArgumentException: initialCapacity: -1536 (expectd: 0+)
	at io.netty.handler.codec.ByteToMessageDecoder.callDecode(ByteToMessageDecoder.java:442) ~[browsermob-dist-2.1.4.jar:?]
	at io.netty.handler.codec.ByteToMessageDecoder.channelRead(ByteToMessageDecoder.java:248) ~[browsermob-dist-2.1.4.jar:?]
	at io.netty.channel.AbstractChannelHandlerContext.invokeChannelRead(AbstractChannelHandlerContext.java:373) [browsermob-dist-2.1.4.jar:?]
	at io.netty.channel.AbstractChannelHandlerContext.invokeChannelRead(AbstractChannelHandlerContext.java:359) [browsermob-dist-2.1.4.jar:?]
	at io.netty.channel.AbstractChannelHandlerContext.fireChannelRead(AbstractChannelHandlerContext.java:351) [browsermob-dist-2.1.4.jar:?]
	at io.netty.channel.DefaultChannelPipeline$HeadContext.channelRead(DefaultChannelPipeline.java:1334) [browsermob-dist-2.1.4.jar:?]
	at io.netty.channel.AbstractChannelHandlerContext.invokeChannelRead(AbstractChannelHandlerContext.java:373) [browsermob-dist-2.1.4.jar:?]
	at io.netty.channel.AbstractChannelHandlerContext.invokeChannelRead(AbstractChannelHandlerContext.java:359) [browsermob-dist-2.1.4.jar:?]
	at io.netty.channel.DefaultChannelPipeline.fireChannelRead(DefaultChannelPipeline.java:926) [browsermob-dist-2.1.4.jar:?]
	at io.netty.channel.nio.AbstractNioByteChannel$NioByteUnsafe.read(AbstractNioByteChannel.java:129) [browsermob-dist-2.1.4.jar:?]
	at io.netty.channel.nio.NioEventLoop.processSelectedKey(NioEventLoop.java:651) [browsermob-dist-2.1.4.jar:?]
	at io.netty.channel.nio.NioEventLoop.processSelectedKeysOptimized(NioEventLoop.java:574) [browsermob-dist-2.1.4.jar:?]
	at io.netty.channel.nio.NioEventLoop.processSelectedKeys(NioEventLoop.java:488) [browsermob-dist-2.1.4.jar:?]
	at io.netty.channel.nio.NioEventLoop.run(NioEventLoop.java:450) [browsermob-dist-2.1.4.jar:?]
	at io.netty.util.concurrent.SingleThreadEventExecutor$5.run(SingleThreadEventExecutor.java:873) [browsermob-dist-2.1.4.jar:?]
	at java.lang.Thread.run(Thread.java:844) [?:?]
Caused by: java.lang.IllegalArgumentException: initialCapacity: -1536 (expectd: 0+)
	at io.netty.buffer.AbstractByteBufAllocator.validate(AbstractByteBufAllocator.java:220) ~[browsermob-dist-2.1.4.jar:?]
	at io.netty.buffer.AbstractByteBufAllocator.directBuffer(AbstractByteBufAllocator.java:178) ~[browsermob-dist-2.1.4.jar:?]
	at io.netty.buffer.AbstractByteBufAllocator.directBuffer(AbstractByteBufAllocator.java:170) ~[browsermob-dist-2.1.4.jar:?]
	at io.netty.buffer.AbstractByteBufAllocator.buffer(AbstractByteBufAllocator.java:107) ~[browsermob-dist-2.1.4.jar:?]
	at io.netty.handler.ssl.SslHandler.allocate(SslHandler.java:1472) ~[browsermob-dist-2.1.4.jar:?]
	at io.netty.handler.ssl.SslHandler.unwrap(SslHandler.java:991) ~[browsermob-dist-2.1.4.jar:?]
	at io.netty.handler.ssl.SslHandler.decode(SslHandler.java:902) ~[browsermob-dist-2.1.4.jar:?]
	at io.netty.handler.codec.ByteToMessageDecoder.callDecode(ByteToMessageDecoder.java:411) ~[browsermob-dist-2.1.4.jar:?]
	... 15 more

[INFO  2019-12-04T20:56:05,647 org.littleshoot.proxy.impl.ProxyToServerConnection] (LittleProxy-0-ProxyToServerWorker-6) (AWAITING_INITIAL) [id: 0xfb3ec7dc, L:/192.168.1.136:50731 - R:www.united.com/23.6.201.118:443]: Disconnecting open connection to server 
[ERROR 2019-12-04T20:56:12,503 org.littleshoot.proxy.impl.ProxyToServerConnection] (LittleProxy-0-ProxyToServerWorker-0) (AWAITING_CHUNK) [id: 0x197fc67a, L:/192.168.1.136:50716 - R:www.united.com/23.6.201.118:443]: Caught an exception on ProxyToServerConnection io.netty.handler.codec.DecoderException: java.lang.IllegalArgumentException: initialCapacity: -1962 (expectd: 0+)
	at io.netty.handler.codec.ByteToMessageDecoder.callDecode(ByteToMessageDecoder.java:442) ~[browsermob-dist-2.1.4.jar:?]
	at io.netty.handler.codec.ByteToMessageDecoder.channelRead(ByteToMessageDecoder.java:248) ~[browsermob-dist-2.1.4.jar:?]
	at io.netty.channel.AbstractChannelHandlerContext.invokeChannelRead(AbstractChannelHandlerContext.java:373) [browsermob-dist-2.1.4.jar:?]
	at io.netty.channel.AbstractChannelHandlerContext.invokeChannelRead(AbstractChannelHandlerContext.java:359) [browsermob-dist-2.1.4.jar:?]
	at io.netty.channel.AbstractChannelHandlerContext.fireChannelRead(AbstractChannelHandlerContext.java:351) [browsermob-dist-2.1.4.jar:?]
	at io.netty.channel.DefaultChannelPipeline$HeadContext.channelRead(DefaultChannelPipeline.java:1334) [browsermob-dist-2.1.4.jar:?]
	at io.netty.channel.AbstractChannelHandlerContext.invokeChannelRead(AbstractChannelHandlerContext.java:373) [browsermob-dist-2.1.4.jar:?]
	at io.netty.channel.AbstractChannelHandlerContext.invokeChannelRead(AbstractChannelHandlerContext.java:359) [browsermob-dist-2.1.4.jar:?]
	at io.netty.channel.DefaultChannelPipeline.fireChannelRead(DefaultChannelPipeline.java:926) [browsermob-dist-2.1.4.jar:?]
	at io.netty.channel.nio.AbstractNioByteChannel$NioByteUnsafe.read(AbstractNioByteChannel.java:129) [browsermob-dist-2.1.4.jar:?]
	at io.netty.channel.nio.NioEventLoop.processSelectedKey(NioEventLoop.java:651) [browsermob-dist-2.1.4.jar:?]
	at io.netty.channel.nio.NioEventLoop.processSelectedKeysOptimized(NioEventLoop.java:574) [browsermob-dist-2.1.4.jar:?]
	at io.netty.channel.nio.NioEventLoop.processSelectedKeys(NioEventLoop.java:488) [browsermob-dist-2.1.4.jar:?]
	at io.netty.channel.nio.NioEventLoop.run(NioEventLoop.java:450) [browsermob-dist-2.1.4.jar:?]
	at io.netty.util.concurrent.SingleThreadEventExecutor$5.run(SingleThreadEventExecutor.java:873) [browsermob-dist-2.1.4.jar:?]
	at java.lang.Thread.run(Thread.java:844) [?:?]
Caused by: java.lang.IllegalArgumentException: initialCapacity: -1962 (expectd: 0+)
	at io.netty.buffer.AbstractByteBufAllocator.validate(AbstractByteBufAllocator.java:220) ~[browsermob-dist-2.1.4.jar:?]
	at io.netty.buffer.AbstractByteBufAllocator.directBuffer(AbstractByteBufAllocator.java:178) ~[browsermob-dist-2.1.4.jar:?]
	at io.netty.buffer.AbstractByteBufAllocator.directBuffer(AbstractByteBufAllocator.java:170) ~[browsermob-dist-2.1.4.jar:?]
	at io.netty.buffer.AbstractByteBufAllocator.buffer(AbstractByteBufAllocator.java:107) ~[browsermob-dist-2.1.4.jar:?]
	at io.netty.handler.ssl.SslHandler.allocate(SslHandler.java:1472) ~[browsermob-dist-2.1.4.jar:?]
	at io.netty.handler.ssl.SslHandler.unwrap(SslHandler.java:991) ~[browsermob-dist-2.1.4.jar:?]
	at io.netty.handler.ssl.SslHandler.decode(SslHandler.java:902) ~[browsermob-dist-2.1.4.jar:?]
	at io.netty.handler.codec.ByteToMessageDecoder.callDecode(ByteToMessageDecoder.java:411) ~[browsermob-dist-2.1.4.jar:?]
	... 15 more

[WARN  2019-12-04T20:56:12,503 io.netty.util.ReferenceCountUtil] (LittleProxy-0-ClientToProxyWorker-2) Failed to release a message: PooledSlicedByteBuf(freed) io.netty.util.IllegalReferenceCountException: refCnt: 0, decrement: 1
	at io.netty.buffer.AbstractReferenceCountedByteBuf.release0(AbstractReferenceCountedByteBuf.java:110) ~[browsermob-dist-2.1.4.jar:?]
	at io.netty.buffer.AbstractReferenceCountedByteBuf.release(AbstractReferenceCountedByteBuf.java:98) ~[browsermob-dist-2.1.4.jar:?]
	at io.netty.buffer.AbstractPooledDerivedByteBuf.deallocate(AbstractPooledDerivedByteBuf.java:73) ~[browsermob-dist-2.1.4.jar:?]
	at io.netty.buffer.AbstractReferenceCountedByteBuf.release0(AbstractReferenceCountedByteBuf.java:115) ~[browsermob-dist-2.1.4.jar:?]
	at io.netty.buffer.AbstractReferenceCountedByteBuf.release(AbstractReferenceCountedByteBuf.java:98) ~[browsermob-dist-2.1.4.jar:?]
	at io.netty.util.ReferenceCountUtil.release(ReferenceCountUtil.java:84) ~[browsermob-dist-2.1.4.jar:?]
	at io.netty.util.ReferenceCountUtil.safeRelease(ReferenceCountUtil.java:109) [browsermob-dist-2.1.4.jar:?]
	at io.netty.channel.PendingWriteQueue.removeAndFailAll(PendingWriteQueue.java:171) [browsermob-dist-2.1.4.jar:?]
	at io.netty.handler.ssl.SslHandler.flush(SslHandler.java:493) [browsermob-dist-2.1.4.jar:?]
	at io.netty.channel.AbstractChannelHandlerContext.invokeFlush0(AbstractChannelHandlerContext.java:787) [browsermob-dist-2.1.4.jar:?]
	at io.netty.channel.AbstractChannelHandlerContext.invokeFlush(AbstractChannelHandlerContext.java:779) [browsermob-dist-2.1.4.jar:?]
	at io.netty.channel.AbstractChannelHandlerContext.flush(AbstractChannelHandlerContext.java:760) [browsermob-dist-2.1.4.jar:?]
	at io.netty.channel.ChannelOutboundHandlerAdapter.flush(ChannelOutboundHandlerAdapter.java:115) [browsermob-dist-2.1.4.jar:?]
	at io.netty.channel.AbstractChannelHandlerContext.invokeFlush0(AbstractChannelHandlerContext.java:787) [browsermob-dist-2.1.4.jar:?]
	at io.netty.channel.AbstractChannelHandlerContext.invokeFlush(AbstractChannelHandlerContext.java:779) [browsermob-dist-2.1.4.jar:?]
	at io.netty.channel.AbstractChannelHandlerContext.flush(AbstractChannelHandlerContext.java:760) [browsermob-dist-2.1.4.jar:?]
	at io.netty.channel.ChannelOutboundHandlerAdapter.flush(ChannelOutboundHandlerAdapter.java:115) [browsermob-dist-2.1.4.jar:?]
	at io.netty.channel.AbstractChannelHandlerContext.invokeFlush0(AbstractChannelHandlerContext.java:787) [browsermob-dist-2.1.4.jar:?]
	at io.netty.channel.AbstractChannelHandlerContext.invokeFlush(AbstractChannelHandlerContext.java:779) [browsermob-dist-2.1.4.jar:?]
	at io.netty.channel.AbstractChannelHandlerContext.flush(AbstractChannelHandlerContext.java:760) [browsermob-dist-2.1.4.jar:?]
	at io.netty.channel.ChannelOutboundHandlerAdapter.flush(ChannelOutboundHandlerAdapter.java:115) [browsermob-dist-2.1.4.jar:?]
	at io.netty.channel.AbstractChannelHandlerContext.invokeFlush0(AbstractChannelHandlerContext.java:787) [browsermob-dist-2.1.4.jar:?]
	at io.netty.channel.AbstractChannelHandlerContext.invokeFlush(AbstractChannelHandlerContext.java:779) [browsermob-dist-2.1.4.jar:?]
	at io.netty.channel.AbstractChannelHandlerContext.flush(AbstractChannelHandlerContext.java:760) [browsermob-dist-2.1.4.jar:?]
	at io.netty.channel.ChannelDuplexHandler.flush(ChannelDuplexHandler.java:117) [browsermob-dist-2.1.4.jar:?]
	at io.netty.channel.AbstractChannelHandlerContext.invokeFlush0(AbstractChannelHandlerContext.java:787) [browsermob-dist-2.1.4.jar:?]
	at io.netty.channel.AbstractChannelHandlerContext.invokeFlush(AbstractChannelHandlerContext.java:779) [browsermob-dist-2.1.4.jar:?]
	at io.netty.channel.AbstractChannelHandlerContext.access$1500(AbstractChannelHandlerContext.java:39) [browsermob-dist-2.1.4.jar:?]
	at io.netty.channel.AbstractChannelHandlerContext$WriteAndFlushTask.write(AbstractChannelHandlerContext.java:1148) [browsermob-dist-2.1.4.jar:?]
	at io.netty.channel.AbstractChannelHandlerContext$AbstractWriteTask.run(AbstractChannelHandlerContext.java:1089) [browsermob-dist-2.1.4.jar:?]
	at io.netty.util.concurrent.AbstractEventExecutor.safeExecute(AbstractEventExecutor.java:163) [browsermob-dist-2.1.4.jar:?]
	at io.netty.util.concurrent.SingleThreadEventExecutor.runAllTasks(SingleThreadEventExecutor.java:418) [browsermob-dist-2.1.4.jar:?]
	at io.netty.channel.nio.NioEventLoop.run(NioEventLoop.java:454) [browsermob-dist-2.1.4.jar:?]
	at io.netty.util.concurrent.SingleThreadEventExecutor$5.run(SingleThreadEventExecutor.java:873) [browsermob-dist-2.1.4.jar:?]
	at java.lang.Thread.run(Thread.java:844) [?:?]

[INFO  2019-12-04T20:56:12,504 org.littleshoot.proxy.impl.ProxyToServerConnection] (LittleProxy-0-ProxyToServerWorker-0) (AWAITING_CHUNK) [id: 0x197fc67a, L:/192.168.1.136:50716 - R:www.united.com/23.6.201.118:443]: Disconnecting open connection to server 
[ERROR 2019-12-04T20:56:12,505 org.littleshoot.proxy.impl.ClientToProxyConnection] (LittleProxy-0-ClientToProxyWorker-2) (AWAITING_INITIAL) [id: 0x43328198, L:/0:0:0:0:0:0:0:1:8091 - R:/0:0:0:0:0:0:0:1:50715]: Caught an exception on ClientToProxyConnection io.netty.util.IllegalReferenceCountException: refCnt: 0
	at io.netty.buffer.AbstractByteBuf.ensureAccessible(AbstractByteBuf.java:1407) ~[browsermob-dist-2.1.4.jar:?]
	at io.netty.buffer.AbstractByteBuf.checkIndex(AbstractByteBuf.java:1353) ~[browsermob-dist-2.1.4.jar:?]
	at io.netty.buffer.PooledUnsafeDirectByteBuf.nioBuffer(PooledUnsafeDirectByteBuf.java:324) ~[browsermob-dist-2.1.4.jar:?]
	at io.netty.buffer.PooledSlicedByteBuf.nioBuffer(PooledSlicedByteBuf.java:87) ~[browsermob-dist-2.1.4.jar:?]
	at io.netty.buffer.AbstractPooledDerivedByteBuf.internalNioBuffer(AbstractPooledDerivedByteBuf.java:119) ~[browsermob-dist-2.1.4.jar:?]
	at io.netty.handler.ssl.SslHandler.wrap(SslHandler.java:683) ~[browsermob-dist-2.1.4.jar:?]
	at io.netty.handler.ssl.SslHandler.wrap(SslHandler.java:522) ~[browsermob-dist-2.1.4.jar:?]
	at io.netty.handler.ssl.SslHandler.flush(SslHandler.java:490) ~[browsermob-dist-2.1.4.jar:?]
	at io.netty.channel.AbstractChannelHandlerContext.invokeFlush0(AbstractChannelHandlerContext.java:787) [browsermob-dist-2.1.4.jar:?]
	at io.netty.channel.AbstractChannelHandlerContext.invokeFlush(AbstractChannelHandlerContext.java:779) [browsermob-dist-2.1.4.jar:?]
	at io.netty.channel.AbstractChannelHandlerContext.flush(AbstractChannelHandlerContext.java:760) [browsermob-dist-2.1.4.jar:?]
	at io.netty.channel.ChannelOutboundHandlerAdapter.flush(ChannelOutboundHandlerAdapter.java:115) [browsermob-dist-2.1.4.jar:?]
	at io.netty.channel.AbstractChannelHandlerContext.invokeFlush0(AbstractChannelHandlerContext.java:787) [browsermob-dist-2.1.4.jar:?]
	at io.netty.channel.AbstractChannelHandlerContext.invokeFlush(AbstractChannelHandlerContext.java:779) [browsermob-dist-2.1.4.jar:?]
	at io.netty.channel.AbstractChannelHandlerContext.flush(AbstractChannelHandlerContext.java:760) [browsermob-dist-2.1.4.jar:?]
	at io.netty.channel.ChannelOutboundHandlerAdapter.flush(ChannelOutboundHandlerAdapter.java:115) [browsermob-dist-2.1.4.jar:?]
	at io.netty.channel.AbstractChannelHandlerContext.invokeFlush0(AbstractChannelHandlerContext.java:787) [browsermob-dist-2.1.4.jar:?]
	at io.netty.channel.AbstractChannelHandlerContext.invokeFlush(AbstractChannelHandlerContext.java:779) [browsermob-dist-2.1.4.jar:?]
	at io.netty.channel.AbstractChannelHandlerContext.flush(AbstractChannelHandlerContext.java:760) [browsermob-dist-2.1.4.jar:?]
	at io.netty.channel.ChannelOutboundHandlerAdapter.flush(ChannelOutboundHandlerAdapter.java:115) [browsermob-dist-2.1.4.jar:?]
	at io.netty.channel.AbstractChannelHandlerContext.invokeFlush0(AbstractChannelHandlerContext.java:787) [browsermob-dist-2.1.4.jar:?]
	at io.netty.channel.AbstractChannelHandlerContext.invokeFlush(AbstractChannelHandlerContext.java:779) [browsermob-dist-2.1.4.jar:?]
	at io.netty.channel.AbstractChannelHandlerContext.flush(AbstractChannelHandlerContext.java:760) [browsermob-dist-2.1.4.jar:?]
	at io.netty.channel.ChannelDuplexHandler.flush(ChannelDuplexHandler.java:117) [browsermob-dist-2.1.4.jar:?]
	at io.netty.channel.AbstractChannelHandlerContext.invokeFlush0(AbstractChannelHandlerContext.java:787) [browsermob-dist-2.1.4.jar:?]
	at io.netty.channel.AbstractChannelHandlerContext.invokeFlush(AbstractChannelHandlerContext.java:779) [browsermob-dist-2.1.4.jar:?]
	at io.netty.channel.AbstractChannelHandlerContext.access$1500(AbstractChannelHandlerContext.java:39) [browsermob-dist-2.1.4.jar:?]
	at io.netty.channel.AbstractChannelHandlerContext$WriteAndFlushTask.write(AbstractChannelHandlerContext.java:1148) [browsermob-dist-2.1.4.jar:?]
	at io.netty.channel.AbstractChannelHandlerContext$AbstractWriteTask.run(AbstractChannelHandlerContext.java:1089) [browsermob-dist-2.1.4.jar:?]
	at io.netty.util.concurrent.AbstractEventExecutor.safeExecute(AbstractEventExecutor.java:163) [browsermob-dist-2.1.4.jar:?]
	at io.netty.util.concurrent.SingleThreadEventExecutor.runAllTasks(SingleThreadEventExecutor.java:418) [browsermob-dist-2.1.4.jar:?]
	at io.netty.channel.nio.NioEventLoop.run(NioEventLoop.java:454) [browsermob-dist-2.1.4.jar:?]
	at io.netty.util.concurrent.SingleThreadEventExecutor$5.run(SingleThreadEventExecutor.java:873) [browsermob-dist-2.1.4.jar:?]
	at java.lang.Thread.run(Thread.java:844) [?:?]

[ERROR 2019-12-04T20:56:13,376 org.littleshoot.proxy.impl.ProxyToServerConnection] (LittleProxy-0-ProxyToServerWorker-5) (AWAITING_CHUNK) [id: 0xbc5e005d, L:/192.168.1.136:50729 - R:www.united.com/23.6.201.118:443]: Caught an exception on ProxyToServerConnection io.netty.handler.codec.DecoderException: java.lang.IllegalArgumentException: initialCapacity: -1899 (expectd: 0+)
	at io.netty.handler.codec.ByteToMessageDecoder.callDecode(ByteToMessageDecoder.java:442) ~[browsermob-dist-2.1.4.jar:?]
	at io.netty.handler.codec.ByteToMessageDecoder.channelRead(ByteToMessageDecoder.java:248) ~[browsermob-dist-2.1.4.jar:?]
	at io.netty.channel.AbstractChannelHandlerContext.invokeChannelRead(AbstractChannelHandlerContext.java:373) [browsermob-dist-2.1.4.jar:?]
	at io.netty.channel.AbstractChannelHandlerContext.invokeChannelRead(AbstractChannelHandlerContext.java:359) [browsermob-dist-2.1.4.jar:?]
	at io.netty.channel.AbstractChannelHandlerContext.fireChannelRead(AbstractChannelHandlerContext.java:351) [browsermob-dist-2.1.4.jar:?]
	at io.netty.channel.DefaultChannelPipeline$HeadContext.channelRead(DefaultChannelPipeline.java:1334) [browsermob-dist-2.1.4.jar:?]
	at io.netty.channel.AbstractChannelHandlerContext.invokeChannelRead(AbstractChannelHandlerContext.java:373) [browsermob-dist-2.1.4.jar:?]
	at io.netty.channel.AbstractChannelHandlerContext.invokeChannelRead(AbstractChannelHandlerContext.java:359) [browsermob-dist-2.1.4.jar:?]
	at io.netty.channel.DefaultChannelPipeline.fireChannelRead(DefaultChannelPipeline.java:926) [browsermob-dist-2.1.4.jar:?]
	at io.netty.channel.nio.AbstractNioByteChannel$NioByteUnsafe.read(AbstractNioByteChannel.java:129) [browsermob-dist-2.1.4.jar:?]
	at io.netty.channel.nio.NioEventLoop.processSelectedKey(NioEventLoop.java:651) [browsermob-dist-2.1.4.jar:?]
	at io.netty.channel.nio.NioEventLoop.processSelectedKeysOptimized(NioEventLoop.java:574) [browsermob-dist-2.1.4.jar:?]
	at io.netty.channel.nio.NioEventLoop.processSelectedKeys(NioEventLoop.java:488) [browsermob-dist-2.1.4.jar:?]
	at io.netty.channel.nio.NioEventLoop.run(NioEventLoop.java:450) [browsermob-dist-2.1.4.jar:?]
	at io.netty.util.concurrent.SingleThreadEventExecutor$5.run(SingleThreadEventExecutor.java:873) [browsermob-dist-2.1.4.jar:?]
	at java.lang.Thread.run(Thread.java:844) [?:?]
Caused by: java.lang.IllegalArgumentException: initialCapacity: -1899 (expectd: 0+)
	at io.netty.buffer.AbstractByteBufAllocator.validate(AbstractByteBufAllocator.java:220) ~[browsermob-dist-2.1.4.jar:?]
	at io.netty.buffer.AbstractByteBufAllocator.directBuffer(AbstractByteBufAllocator.java:178) ~[browsermob-dist-2.1.4.jar:?]
	at io.netty.buffer.AbstractByteBufAllocator.directBuffer(AbstractByteBufAllocator.java:170) ~[browsermob-dist-2.1.4.jar:?]
	at io.netty.buffer.AbstractByteBufAllocator.buffer(AbstractByteBufAllocator.java:107) ~[browsermob-dist-2.1.4.jar:?]
	at io.netty.handler.ssl.SslHandler.allocate(SslHandler.java:1472) ~[browsermob-dist-2.1.4.jar:?]
	at io.netty.handler.ssl.SslHandler.unwrap(SslHandler.java:991) ~[browsermob-dist-2.1.4.jar:?]
	at io.netty.handler.ssl.SslHandler.decode(SslHandler.java:902) ~[browsermob-dist-2.1.4.jar:?]
	at io.netty.handler.codec.ByteToMessageDecoder.callDecode(ByteToMessageDecoder.java:411) ~[browsermob-dist-2.1.4.jar:?]
	... 15 more

[INFO  2019-12-04T20:56:13,376 org.littleshoot.proxy.impl.ProxyToServerConnection] (LittleProxy-0-ProxyToServerWorker-5) (AWAITING_CHUNK) [id: 0xbc5e005d, L:/192.168.1.136:50729 - R:www.united.com/23.6.201.118:443]: Disconnecting open connection to server 
[WARN  2019-12-04T20:56:13,376 io.netty.util.ReferenceCountUtil] (LittleProxy-0-ClientToProxyWorker-5) Failed to release a message: PooledSlicedByteBuf(freed) io.netty.util.IllegalReferenceCountException: refCnt: 0, decrement: 1
	at io.netty.buffer.AbstractReferenceCountedByteBuf.release0(AbstractReferenceCountedByteBuf.java:110) ~[browsermob-dist-2.1.4.jar:?]
	at io.netty.buffer.AbstractReferenceCountedByteBuf.release(AbstractReferenceCountedByteBuf.java:98) ~[browsermob-dist-2.1.4.jar:?]
	at io.netty.buffer.AbstractPooledDerivedByteBuf.deallocate(AbstractPooledDerivedByteBuf.java:73) ~[browsermob-dist-2.1.4.jar:?]
	at io.netty.buffer.AbstractReferenceCountedByteBuf.release0(AbstractReferenceCountedByteBuf.java:115) ~[browsermob-dist-2.1.4.jar:?]
	at io.netty.buffer.AbstractReferenceCountedByteBuf.release(AbstractReferenceCountedByteBuf.java:98) ~[browsermob-dist-2.1.4.jar:?]
	at io.netty.util.ReferenceCountUtil.release(ReferenceCountUtil.java:84) ~[browsermob-dist-2.1.4.jar:?]
	at io.netty.util.ReferenceCountUtil.safeRelease(ReferenceCountUtil.java:109) [browsermob-dist-2.1.4.jar:?]
	at io.netty.channel.PendingWriteQueue.removeAndFailAll(PendingWriteQueue.java:171) [browsermob-dist-2.1.4.jar:?]
	at io.netty.handler.ssl.SslHandler.flush(SslHandler.java:493) [browsermob-dist-2.1.4.jar:?]
	at io.netty.channel.AbstractChannelHandlerContext.invokeFlush0(AbstractChannelHandlerContext.java:787) [browsermob-dist-2.1.4.jar:?]
	at io.netty.channel.AbstractChannelHandlerContext.invokeFlush(AbstractChannelHandlerContext.java:779) [browsermob-dist-2.1.4.jar:?]
	at io.netty.channel.AbstractChannelHandlerContext.flush(AbstractChannelHandlerContext.java:760) [browsermob-dist-2.1.4.jar:?]
	at io.netty.channel.ChannelOutboundHandlerAdapter.flush(ChannelOutboundHandlerAdapter.java:115) [browsermob-dist-2.1.4.jar:?]
	at io.netty.channel.AbstractChannelHandlerContext.invokeFlush0(AbstractChannelHandlerContext.java:787) [browsermob-dist-2.1.4.jar:?]
	at io.netty.channel.AbstractChannelHandlerContext.invokeFlush(AbstractChannelHandlerContext.java:779) [browsermob-dist-2.1.4.jar:?]
	at io.netty.channel.AbstractChannelHandlerContext.flush(AbstractChannelHandlerContext.java:760) [browsermob-dist-2.1.4.jar:?]
	at io.netty.channel.ChannelOutboundHandlerAdapter.flush(ChannelOutboundHandlerAdapter.java:115) [browsermob-dist-2.1.4.jar:?]
	at io.netty.channel.AbstractChannelHandlerContext.invokeFlush0(AbstractChannelHandlerContext.java:787) [browsermob-dist-2.1.4.jar:?]
	at io.netty.channel.AbstractChannelHandlerContext.invokeFlush(AbstractChannelHandlerContext.java:779) [browsermob-dist-2.1.4.jar:?]
	at io.netty.channel.AbstractChannelHandlerContext.flush(AbstractChannelHandlerContext.java:760) [browsermob-dist-2.1.4.jar:?]
	at io.netty.channel.ChannelOutboundHandlerAdapter.flush(ChannelOutboundHandlerAdapter.java:115) [browsermob-dist-2.1.4.jar:?]
	at io.netty.channel.AbstractChannelHandlerContext.invokeFlush0(AbstractChannelHandlerContext.java:787) [browsermob-dist-2.1.4.jar:?]
	at io.netty.channel.AbstractChannelHandlerContext.invokeFlush(AbstractChannelHandlerContext.java:779) [browsermob-dist-2.1.4.jar:?]
	at io.netty.channel.AbstractChannelHandlerContext.flush(AbstractChannelHandlerContext.java:760) [browsermob-dist-2.1.4.jar:?]
	at io.netty.channel.ChannelDuplexHandler.flush(ChannelDuplexHandler.java:117) [browsermob-dist-2.1.4.jar:?]
	at io.netty.channel.AbstractChannelHandlerContext.invokeFlush0(AbstractChannelHandlerContext.java:787) [browsermob-dist-2.1.4.jar:?]
	at io.netty.channel.AbstractChannelHandlerContext.invokeFlush(AbstractChannelHandlerContext.java:779) [browsermob-dist-2.1.4.jar:?]
	at io.netty.channel.AbstractChannelHandlerContext.access$1500(AbstractChannelHandlerContext.java:39) [browsermob-dist-2.1.4.jar:?]
	at io.netty.channel.AbstractChannelHandlerContext$WriteAndFlushTask.write(AbstractChannelHandlerContext.java:1148) [browsermob-dist-2.1.4.jar:?]
	at io.netty.channel.AbstractChannelHandlerContext$AbstractWriteTask.run(AbstractChannelHandlerContext.java:1089) [browsermob-dist-2.1.4.jar:?]
	at io.netty.util.concurrent.AbstractEventExecutor.safeExecute(AbstractEventExecutor.java:163) [browsermob-dist-2.1.4.jar:?]
	at io.netty.util.concurrent.SingleThreadEventExecutor.runAllTasks(SingleThreadEventExecutor.java:418) [browsermob-dist-2.1.4.jar:?]
	at io.netty.channel.nio.NioEventLoop.run(NioEventLoop.java:454) [browsermob-dist-2.1.4.jar:?]
	at io.netty.util.concurrent.SingleThreadEventExecutor$5.run(SingleThreadEventExecutor.java:873) [browsermob-dist-2.1.4.jar:?]
	at java.lang.Thread.run(Thread.java:844) [?:?]

[ERROR 2019-12-04T20:56:13,377 org.littleshoot.proxy.impl.ClientToProxyConnection] (LittleProxy-0-ClientToProxyWorker-5) (AWAITING_INITIAL) [id: 0x9a927089, L:/0:0:0:0:0:0:0:1:8091 - R:/0:0:0:0:0:0:0:1:50726]: Caught an exception on ClientToProxyConnection io.netty.util.IllegalReferenceCountException: refCnt: 0
	at io.netty.buffer.AbstractByteBuf.ensureAccessible(AbstractByteBuf.java:1407) ~[browsermob-dist-2.1.4.jar:?]
	at io.netty.buffer.AbstractByteBuf.checkIndex(AbstractByteBuf.java:1353) ~[browsermob-dist-2.1.4.jar:?]
	at io.netty.buffer.PooledUnsafeDirectByteBuf.nioBuffer(PooledUnsafeDirectByteBuf.java:324) ~[browsermob-dist-2.1.4.jar:?]
	at io.netty.buffer.PooledSlicedByteBuf.nioBuffer(PooledSlicedByteBuf.java:87) ~[browsermob-dist-2.1.4.jar:?]
	at io.netty.buffer.AbstractPooledDerivedByteBuf.internalNioBuffer(AbstractPooledDerivedByteBuf.java:119) ~[browsermob-dist-2.1.4.jar:?]
	at io.netty.handler.ssl.SslHandler.wrap(SslHandler.java:683) ~[browsermob-dist-2.1.4.jar:?]
	at io.netty.handler.ssl.SslHandler.wrap(SslHandler.java:522) ~[browsermob-dist-2.1.4.jar:?]
	at io.netty.handler.ssl.SslHandler.flush(SslHandler.java:490) ~[browsermob-dist-2.1.4.jar:?]
	at io.netty.channel.AbstractChannelHandlerContext.invokeFlush0(AbstractChannelHandlerContext.java:787) [browsermob-dist-2.1.4.jar:?]
	at io.netty.channel.AbstractChannelHandlerContext.invokeFlush(AbstractChannelHandlerContext.java:779) [browsermob-dist-2.1.4.jar:?]
	at io.netty.channel.AbstractChannelHandlerContext.flush(AbstractChannelHandlerContext.java:760) [browsermob-dist-2.1.4.jar:?]
	at io.netty.channel.ChannelOutboundHandlerAdapter.flush(ChannelOutboundHandlerAdapter.java:115) [browsermob-dist-2.1.4.jar:?]
	at io.netty.channel.AbstractChannelHandlerContext.invokeFlush0(AbstractChannelHandlerContext.java:787) [browsermob-dist-2.1.4.jar:?]
	at io.netty.channel.AbstractChannelHandlerContext.invokeFlush(AbstractChannelHandlerContext.java:779) [browsermob-dist-2.1.4.jar:?]
	at io.netty.channel.AbstractChannelHandlerContext.flush(AbstractChannelHandlerContext.java:760) [browsermob-dist-2.1.4.jar:?]
	at io.netty.channel.ChannelOutboundHandlerAdapter.flush(ChannelOutboundHandlerAdapter.java:115) [browsermob-dist-2.1.4.jar:?]
	at io.netty.channel.AbstractChannelHandlerContext.invokeFlush0(AbstractChannelHandlerContext.java:787) [browsermob-dist-2.1.4.jar:?]
	at io.netty.channel.AbstractChannelHandlerContext.invokeFlush(AbstractChannelHandlerContext.java:779) [browsermob-dist-2.1.4.jar:?]
	at io.netty.channel.AbstractChannelHandlerContext.flush(AbstractChannelHandlerContext.java:760) [browsermob-dist-2.1.4.jar:?]
	at io.netty.channel.ChannelOutboundHandlerAdapter.flush(ChannelOutboundHandlerAdapter.java:115) [browsermob-dist-2.1.4.jar:?]
	at io.netty.channel.AbstractChannelHandlerContext.invokeFlush0(AbstractChannelHandlerContext.java:787) [browsermob-dist-2.1.4.jar:?]
	at io.netty.channel.AbstractChannelHandlerContext.invokeFlush(AbstractChannelHandlerContext.java:779) [browsermob-dist-2.1.4.jar:?]
	at io.netty.channel.AbstractChannelHandlerContext.flush(AbstractChannelHandlerContext.java:760) [browsermob-dist-2.1.4.jar:?]
	at io.netty.channel.ChannelDuplexHandler.flush(ChannelDuplexHandler.java:117) [browsermob-dist-2.1.4.jar:?]
	at io.netty.channel.AbstractChannelHandlerContext.invokeFlush0(AbstractChannelHandlerContext.java:787) [browsermob-dist-2.1.4.jar:?]
	at io.netty.channel.AbstractChannelHandlerContext.invokeFlush(AbstractChannelHandlerContext.java:779) [browsermob-dist-2.1.4.jar:?]
	at io.netty.channel.AbstractChannelHandlerContext.access$1500(AbstractChannelHandlerContext.java:39) [browsermob-dist-2.1.4.jar:?]
	at io.netty.channel.AbstractChannelHandlerContext$WriteAndFlushTask.write(AbstractChannelHandlerContext.java:1148) [browsermob-dist-2.1.4.jar:?]
	at io.netty.channel.AbstractChannelHandlerContext$AbstractWriteTask.run(AbstractChannelHandlerContext.java:1089) [browsermob-dist-2.1.4.jar:?]
	at io.netty.util.concurrent.AbstractEventExecutor.safeExecute(AbstractEventExecutor.java:163) [browsermob-dist-2.1.4.jar:?]
	at io.netty.util.concurrent.SingleThreadEventExecutor.runAllTasks(SingleThreadEventExecutor.java:418) [browsermob-dist-2.1.4.jar:?]
	at io.netty.channel.nio.NioEventLoop.run(NioEventLoop.java:454) [browsermob-dist-2.1.4.jar:?]
	at io.netty.util.concurrent.SingleThreadEventExecutor$5.run(SingleThreadEventExecutor.java:873) [browsermob-dist-2.1.4.jar:?]
	at java.lang.Thread.run(Thread.java:844) [?:?]

[ERROR 2019-12-04T20:56:14,007 org.littleshoot.proxy.impl.ProxyToServerConnection] (LittleProxy-0-ProxyToServerWorker-3) (AWAITING_INITIAL) [id: 0xeca34b21, L:/192.168.1.136:50728 - R:www.united.com/23.6.201.118:443]: Caught an exception on ProxyToServerConnection io.netty.handler.codec.DecoderException: java.lang.IllegalArgumentException: initialCapacity: -551 (expectd: 0+)
	at io.netty.handler.codec.ByteToMessageDecoder.callDecode(ByteToMessageDecoder.java:442) ~[browsermob-dist-2.1.4.jar:?]
	at io.netty.handler.codec.ByteToMessageDecoder.channelRead(ByteToMessageDecoder.java:248) ~[browsermob-dist-2.1.4.jar:?]
	at io.netty.channel.AbstractChannelHandlerContext.invokeChannelRead(AbstractChannelHandlerContext.java:373) [browsermob-dist-2.1.4.jar:?]
	at io.netty.channel.AbstractChannelHandlerContext.invokeChannelRead(AbstractChannelHandlerContext.java:359) [browsermob-dist-2.1.4.jar:?]
	at io.netty.channel.AbstractChannelHandlerContext.fireChannelRead(AbstractChannelHandlerContext.java:351) [browsermob-dist-2.1.4.jar:?]
	at io.netty.channel.DefaultChannelPipeline$HeadContext.channelRead(DefaultChannelPipeline.java:1334) [browsermob-dist-2.1.4.jar:?]
	at io.netty.channel.AbstractChannelHandlerContext.invokeChannelRead(AbstractChannelHandlerContext.java:373) [browsermob-dist-2.1.4.jar:?]
	at io.netty.channel.AbstractChannelHandlerContext.invokeChannelRead(AbstractChannelHandlerContext.java:359) [browsermob-dist-2.1.4.jar:?]
	at io.netty.channel.DefaultChannelPipeline.fireChannelRead(DefaultChannelPipeline.java:926) [browsermob-dist-2.1.4.jar:?]
	at io.netty.channel.nio.AbstractNioByteChannel$NioByteUnsafe.read(AbstractNioByteChannel.java:129) [browsermob-dist-2.1.4.jar:?]
	at io.netty.channel.nio.NioEventLoop.processSelectedKey(NioEventLoop.java:651) [browsermob-dist-2.1.4.jar:?]
	at io.netty.channel.nio.NioEventLoop.processSelectedKeysOptimized(NioEventLoop.java:574) [browsermob-dist-2.1.4.jar:?]
	at io.netty.channel.nio.NioEventLoop.processSelectedKeys(NioEventLoop.java:488) [browsermob-dist-2.1.4.jar:?]
	at io.netty.channel.nio.NioEventLoop.run(NioEventLoop.java:450) [browsermob-dist-2.1.4.jar:?]
	at io.netty.util.concurrent.SingleThreadEventExecutor$5.run(SingleThreadEventExecutor.java:873) [browsermob-dist-2.1.4.jar:?]
	at java.lang.Thread.run(Thread.java:844) [?:?]
Caused by: java.lang.IllegalArgumentException: initialCapacity: -551 (expectd: 0+)
	at io.netty.buffer.AbstractByteBufAllocator.validate(AbstractByteBufAllocator.java:220) ~[browsermob-dist-2.1.4.jar:?]
	at io.netty.buffer.AbstractByteBufAllocator.directBuffer(AbstractByteBufAllocator.java:178) ~[browsermob-dist-2.1.4.jar:?]
	at io.netty.buffer.AbstractByteBufAllocator.directBuffer(AbstractByteBufAllocator.java:170) ~[browsermob-dist-2.1.4.jar:?]
	at io.netty.buffer.AbstractByteBufAllocator.buffer(AbstractByteBufAllocator.java:107) ~[browsermob-dist-2.1.4.jar:?]
	at io.netty.handler.ssl.SslHandler.allocate(SslHandler.java:1472) ~[browsermob-dist-2.1.4.jar:?]
	at io.netty.handler.ssl.SslHandler.unwrap(SslHandler.java:991) ~[browsermob-dist-2.1.4.jar:?]
	at io.netty.handler.ssl.SslHandler.decode(SslHandler.java:902) ~[browsermob-dist-2.1.4.jar:?]
	at io.netty.handler.codec.ByteToMessageDecoder.callDecode(ByteToMessageDecoder.java:411) ~[browsermob-dist-2.1.4.jar:?]
	... 15 more

[WARN  2019-12-04T20:56:14,007 io.netty.util.ReferenceCountUtil] (LittleProxy-0-ClientToProxyWorker-3) Failed to release a message: PooledSlicedByteBuf(freed) io.netty.util.IllegalReferenceCountException: refCnt: 0, decrement: 1
	at io.netty.buffer.AbstractReferenceCountedByteBuf.release0(AbstractReferenceCountedByteBuf.java:110) ~[browsermob-dist-2.1.4.jar:?]
	at io.netty.buffer.AbstractReferenceCountedByteBuf.release(AbstractReferenceCountedByteBuf.java:98) ~[browsermob-dist-2.1.4.jar:?]
	at io.netty.buffer.AbstractPooledDerivedByteBuf.deallocate(AbstractPooledDerivedByteBuf.java:73) ~[browsermob-dist-2.1.4.jar:?]
	at io.netty.buffer.AbstractReferenceCountedByteBuf.release0(AbstractReferenceCountedByteBuf.java:115) ~[browsermob-dist-2.1.4.jar:?]
	at io.netty.buffer.AbstractReferenceCountedByteBuf.release(AbstractReferenceCountedByteBuf.java:98) ~[browsermob-dist-2.1.4.jar:?]
	at io.netty.util.ReferenceCountUtil.release(ReferenceCountUtil.java:84) ~[browsermob-dist-2.1.4.jar:?]
	at io.netty.util.ReferenceCountUtil.safeRelease(ReferenceCountUtil.java:109) [browsermob-dist-2.1.4.jar:?]
	at io.netty.channel.PendingWriteQueue.removeAndFailAll(PendingWriteQueue.java:171) [browsermob-dist-2.1.4.jar:?]
	at io.netty.handler.ssl.SslHandler.flush(SslHandler.java:493) [browsermob-dist-2.1.4.jar:?]
	at io.netty.channel.AbstractChannelHandlerContext.invokeFlush0(AbstractChannelHandlerContext.java:787) [browsermob-dist-2.1.4.jar:?]
	at io.netty.channel.AbstractChannelHandlerContext.invokeFlush(AbstractChannelHandlerContext.java:779) [browsermob-dist-2.1.4.jar:?]
	at io.netty.channel.AbstractChannelHandlerContext.flush(AbstractChannelHandlerContext.java:760) [browsermob-dist-2.1.4.jar:?]
	at io.netty.channel.ChannelOutboundHandlerAdapter.flush(ChannelOutboundHandlerAdapter.java:115) [browsermob-dist-2.1.4.jar:?]
	at io.netty.channel.AbstractChannelHandlerContext.invokeFlush0(AbstractChannelHandlerContext.java:787) [browsermob-dist-2.1.4.jar:?]
	at io.netty.channel.AbstractChannelHandlerContext.invokeFlush(AbstractChannelHandlerContext.java:779) [browsermob-dist-2.1.4.jar:?]
	at io.netty.channel.AbstractChannelHandlerContext.flush(AbstractChannelHandlerContext.java:760) [browsermob-dist-2.1.4.jar:?]
	at io.netty.channel.ChannelOutboundHandlerAdapter.flush(ChannelOutboundHandlerAdapter.java:115) [browsermob-dist-2.1.4.jar:?]
	at io.netty.channel.AbstractChannelHandlerContext.invokeFlush0(AbstractChannelHandlerContext.java:787) [browsermob-dist-2.1.4.jar:?]
	at io.netty.channel.AbstractChannelHandlerContext.invokeFlush(AbstractChannelHandlerContext.java:779) [browsermob-dist-2.1.4.jar:?]
	at io.netty.channel.AbstractChannelHandlerContext.flush(AbstractChannelHandlerContext.java:760) [browsermob-dist-2.1.4.jar:?]
	at io.netty.channel.ChannelOutboundHandlerAdapter.flush(ChannelOutboundHandlerAdapter.java:115) [browsermob-dist-2.1.4.jar:?]
	at io.netty.channel.AbstractChannelHandlerContext.invokeFlush0(AbstractChannelHandlerContext.java:787) [browsermob-dist-2.1.4.jar:?]
	at io.netty.channel.AbstractChannelHandlerContext.invokeFlush(AbstractChannelHandlerContext.java:779) [browsermob-dist-2.1.4.jar:?]
	at io.netty.channel.AbstractChannelHandlerContext.flush(AbstractChannelHandlerContext.java:760) [browsermob-dist-2.1.4.jar:?]
	at io.netty.channel.ChannelDuplexHandler.flush(ChannelDuplexHandler.java:117) [browsermob-dist-2.1.4.jar:?]
	at io.netty.channel.AbstractChannelHandlerContext.invokeFlush0(AbstractChannelHandlerContext.java:787) [browsermob-dist-2.1.4.jar:?]
	at io.netty.channel.AbstractChannelHandlerContext.invokeFlush(AbstractChannelHandlerContext.java:779) [browsermob-dist-2.1.4.jar:?]
	at io.netty.channel.AbstractChannelHandlerContext.access$1500(AbstractChannelHandlerContext.java:39) [browsermob-dist-2.1.4.jar:?]
	at io.netty.channel.AbstractChannelHandlerContext$WriteAndFlushTask.write(AbstractChannelHandlerContext.java:1148) [browsermob-dist-2.1.4.jar:?]
	at io.netty.channel.AbstractChannelHandlerContext$AbstractWriteTask.run(AbstractChannelHandlerContext.java:1089) [browsermob-dist-2.1.4.jar:?]
	at io.netty.util.concurrent.AbstractEventExecutor.safeExecute(AbstractEventExecutor.java:163) [browsermob-dist-2.1.4.jar:?]
	at io.netty.util.concurrent.SingleThreadEventExecutor.runAllTasks(SingleThreadEventExecutor.java:418) [browsermob-dist-2.1.4.jar:?]
	at io.netty.channel.nio.NioEventLoop.run(NioEventLoop.java:454) [browsermob-dist-2.1.4.jar:?]
	at io.netty.util.concurrent.SingleThreadEventExecutor$5.run(SingleThreadEventExecutor.java:873) [browsermob-dist-2.1.4.jar:?]
	at java.lang.Thread.run(Thread.java:844) [?:?]

[INFO  2019-12-04T20:56:14,008 org.littleshoot.proxy.impl.ProxyToServerConnection] (LittleProxy-0-ProxyToServerWorker-3) (AWAITING_INITIAL) [id: 0xeca34b21, L:/192.168.1.136:50728 - R:www.united.com/23.6.201.118:443]: Disconnecting open connection to server 
[ERROR 2019-12-04T20:56:14,009 org.littleshoot.proxy.impl.ClientToProxyConnection] (LittleProxy-0-ClientToProxyWorker-3) (AWAITING_INITIAL) [id: 0x75147fe8, L:/0:0:0:0:0:0:0:1:8091 - R:/0:0:0:0:0:0:0:1:50724]: Caught an exception on ClientToProxyConnection io.netty.util.IllegalReferenceCountException: refCnt: 0
	at io.netty.buffer.AbstractByteBuf.ensureAccessible(AbstractByteBuf.java:1407) ~[browsermob-dist-2.1.4.jar:?]
	at io.netty.buffer.AbstractByteBuf.checkIndex(AbstractByteBuf.java:1353) ~[browsermob-dist-2.1.4.jar:?]
	at io.netty.buffer.PooledUnsafeDirectByteBuf.nioBuffer(PooledUnsafeDirectByteBuf.java:324) ~[browsermob-dist-2.1.4.jar:?]
	at io.netty.buffer.PooledSlicedByteBuf.nioBuffer(PooledSlicedByteBuf.java:87) ~[browsermob-dist-2.1.4.jar:?]
	at io.netty.buffer.AbstractPooledDerivedByteBuf.internalNioBuffer(AbstractPooledDerivedByteBuf.java:119) ~[browsermob-dist-2.1.4.jar:?]
	at io.netty.handler.ssl.SslHandler.wrap(SslHandler.java:683) ~[browsermob-dist-2.1.4.jar:?]
	at io.netty.handler.ssl.SslHandler.wrap(SslHandler.java:522) ~[browsermob-dist-2.1.4.jar:?]
	at io.netty.handler.ssl.SslHandler.flush(SslHandler.java:490) ~[browsermob-dist-2.1.4.jar:?]
	at io.netty.channel.AbstractChannelHandlerContext.invokeFlush0(AbstractChannelHandlerContext.java:787) [browsermob-dist-2.1.4.jar:?]
	at io.netty.channel.AbstractChannelHandlerContext.invokeFlush(AbstractChannelHandlerContext.java:779) [browsermob-dist-2.1.4.jar:?]
	at io.netty.channel.AbstractChannelHandlerContext.flush(AbstractChannelHandlerContext.java:760) [browsermob-dist-2.1.4.jar:?]
	at io.netty.channel.ChannelOutboundHandlerAdapter.flush(ChannelOutboundHandlerAdapter.java:115) [browsermob-dist-2.1.4.jar:?]
	at io.netty.channel.AbstractChannelHandlerContext.invokeFlush0(AbstractChannelHandlerContext.java:787) [browsermob-dist-2.1.4.jar:?]
	at io.netty.channel.AbstractChannelHandlerContext.invokeFlush(AbstractChannelHandlerContext.java:779) [browsermob-dist-2.1.4.jar:?]
	at io.netty.channel.AbstractChannelHandlerContext.flush(AbstractChannelHandlerContext.java:760) [browsermob-dist-2.1.4.jar:?]
	at io.netty.channel.ChannelOutboundHandlerAdapter.flush(ChannelOutboundHandlerAdapter.java:115) [browsermob-dist-2.1.4.jar:?]
	at io.netty.channel.AbstractChannelHandlerContext.invokeFlush0(AbstractChannelHandlerContext.java:787) [browsermob-dist-2.1.4.jar:?]
	at io.netty.channel.AbstractChannelHandlerContext.invokeFlush(AbstractChannelHandlerContext.java:779) [browsermob-dist-2.1.4.jar:?]
	at io.netty.channel.AbstractChannelHandlerContext.flush(AbstractChannelHandlerContext.java:760) [browsermob-dist-2.1.4.jar:?]
	at io.netty.channel.ChannelOutboundHandlerAdapter.flush(ChannelOutboundHandlerAdapter.java:115) [browsermob-dist-2.1.4.jar:?]
	at io.netty.channel.AbstractChannelHandlerContext.invokeFlush0(AbstractChannelHandlerContext.java:787) [browsermob-dist-2.1.4.jar:?]
	at io.netty.channel.AbstractChannelHandlerContext.invokeFlush(AbstractChannelHandlerContext.java:779) [browsermob-dist-2.1.4.jar:?]
	at io.netty.channel.AbstractChannelHandlerContext.flush(AbstractChannelHandlerContext.java:760) [browsermob-dist-2.1.4.jar:?]
	at io.netty.channel.ChannelDuplexHandler.flush(ChannelDuplexHandler.java:117) [browsermob-dist-2.1.4.jar:?]
	at io.netty.channel.AbstractChannelHandlerContext.invokeFlush0(AbstractChannelHandlerContext.java:787) [browsermob-dist-2.1.4.jar:?]
	at io.netty.channel.AbstractChannelHandlerContext.invokeFlush(AbstractChannelHandlerContext.java:779) [browsermob-dist-2.1.4.jar:?]
	at io.netty.channel.AbstractChannelHandlerContext.access$1500(AbstractChannelHandlerContext.java:39) [browsermob-dist-2.1.4.jar:?]
	at io.netty.channel.AbstractChannelHandlerContext$WriteAndFlushTask.write(AbstractChannelHandlerContext.java:1148) [browsermob-dist-2.1.4.jar:?]
	at io.netty.channel.AbstractChannelHandlerContext$AbstractWriteTask.run(AbstractChannelHandlerContext.java:1089) [browsermob-dist-2.1.4.jar:?]
	at io.netty.util.concurrent.AbstractEventExecutor.safeExecute(AbstractEventExecutor.java:163) [browsermob-dist-2.1.4.jar:?]
	at io.netty.util.concurrent.SingleThreadEventExecutor.runAllTasks(SingleThreadEventExecutor.java:418) [browsermob-dist-2.1.4.jar:?]
	at io.netty.channel.nio.NioEventLoop.run(NioEventLoop.java:454) [browsermob-dist-2.1.4.jar:?]
	at io.netty.util.concurrent.SingleThreadEventExecutor$5.run(SingleThreadEventExecutor.java:873) [browsermob-dist-2.1.4.jar:?]
	at java.lang.Thread.run(Thread.java:844) [?:?]

[INFO  2019-12-04T20:56:23,953 org.littleshoot.proxy.impl.ClientToProxyConnection] (LittleProxy-0-ClientToProxyWorker-3) (AWAITING_INITIAL) [id: 0x72658775, L:/0:0:0:0:0:0:0:1:8091 - R:/0:0:0:0:0:0:0:1:50841]: An IOException occurred on ClientToProxyConnection: Connection reset by peer 
[INFO  2019-12-04T20:57:26,369 org.littleshoot.proxy.impl.DefaultHttpProxyServer] (LittleProxy-JVM-shutdown-hook) Shutting down proxy server immediately (non-graceful) 
[INFO  2019-12-04T20:57:26,369 org.littleshoot.proxy.impl.DefaultHttpProxyServer] (LittleProxy-JVM-shutdown-hook) Closing all channels (non-graceful) 
